<?xml version="1.0" encoding="UTF-8"?>
<testsuite xmlns:xsi="http://www.w3.org/2001/XMLSchema-instance" xsi:noNamespaceSchemaLocation="https://maven.apache.org/surefire/maven-surefire-plugin/xsd/surefire-test-report-3.0.xsd" version="3.0" name="com.hospital.ApiIntegrationTest" time="6.031" tests="12" errors="0" skipped="0" failures="0">
  <properties>
[...]
</properties>
  <testcase name="ward_List" classname="com.hospital.ApiIntegrationTest" time="0.689">
    <system-out><![CDATA[
  .   ____          _            __ _ _
 /\\ / ___'_ __ _ _(_)_ __  __ _ \ \ \ \
( ( )\___ | '_ | '_| | '_ \/ _` | \ \ \ \
 \\/  ___)| |_)| | | | | || (_| |  ) ) ) )
  '  |____| .__|_| |_|_| |_\__, | / / / /
 =========|_|==============|___/=/_/_/_/
 :: Spring Boot ::                (v3.2.5)

2026-04-25 22:25:54 [main] INFO  com.hospital.ApiIntegrationTest - Starting ApiIntegrationTest using Java 25.0.2 with PID 75982 (started by khalid in /Users/khalid/GitHub/hospital-management-system)
2026-04-25 22:25:54 [main] DEBUG com.hospital.ApiIntegrationTest - Running with Spring Boot v3.2.5, Spring v6.1.6
2026-04-25 22:25:54 [main] INFO  com.hospital.ApiIntegrationTest - The following 1 profile is active: "test"
2026-04-25 22:25:54 [main] INFO  o.s.d.r.c.RepositoryConfigurationDelegate - Multiple Spring Data modules found, entering strict repository configuration mode
2026-04-25 22:25:54 [main] INFO  o.s.d.r.c.RepositoryConfigurationDelegate - Bootstrapping Spring Data JPA repositories in DEFAULT mode.
2026-04-25 22:25:55 [main] INFO  o.s.d.r.c.RepositoryConfigurationDelegate - Finished Spring Data repository scanning in 75 ms. Found 16 JPA repository interfaces.
2026-04-25 22:25:55 [main] INFO  o.s.d.r.c.RepositoryConfigurationDelegate - Multiple Spring Data modules found, entering strict repository configuration mode
2026-04-25 22:25:55 [main] INFO  o.s.d.r.c.RepositoryConfigurationDelegate - Bootstrapping Spring Data Redis repositories in DEFAULT mode.
2026-04-25 22:25:55 [main] INFO  o.s.d.r.c.RepositoryConfigurationExtensionSupport - Spring Data Redis - Could not safely identify store assignment for repository candidate interface com.hospital.appointment.AppointmentRepository; If you want this repository to be a Redis repository, consider annotating your entities with one of these annotations: org.springframework.data.redis.core.RedisHash (preferred), or consider extending one of the following types with your repository: org.springframework.data.keyvalue.repository.KeyValueRepository
2026-04-25 22:25:55 [main] INFO  o.s.d.r.c.RepositoryConfigurationExtensionSupport - Spring Data Redis - Could not safely identify store assignment for repository candidate interface com.hospital.audit.AuditLogRepository; If you want this repository to be a Redis repository, consider annotating your entities with one of these annotations: org.springframework.data.redis.core.RedisHash (preferred), or consider extending one of the following types with your repository: org.springframework.data.keyvalue.repository.KeyValueRepository
2026-04-25 22:25:55 [main] INFO  o.s.d.r.c.RepositoryConfigurationExtensionSupport - Spring Data Redis - Could not safely identify store assignment for repository candidate interface com.hospital.billing.InvoiceItemRepository; If you want this repository to be a Redis repository, consider annotating your entities with one of these annotations: org.springframework.data.redis.core.RedisHash (preferred), or consider extending one of the following types with your repository: org.springframework.data.keyvalue.repository.KeyValueRepository
2026-04-25 22:25:55 [main] INFO  o.s.d.r.c.RepositoryConfigurationExtensionSupport - Spring Data Redis - Could not safely identify store assignment for repository candidate interface com.hospital.billing.InvoiceRepository; If you want this repository to be a Redis repository, consider annotating your entities with one of these annotations: org.springframework.data.redis.core.RedisHash (preferred), or consider extending one of the following types with your repository: org.springframework.data.keyvalue.repository.KeyValueRepository
2026-04-25 22:25:55 [main] INFO  o.s.d.r.c.RepositoryConfigurationExtensionSupport - Spring Data Redis - Could not safely identify store assignment for repository candidate interface com.hospital.department.DepartmentRepository; If you want this repository to be a Redis repository, consider annotating your entities with one of these annotations: org.springframework.data.redis.core.RedisHash (preferred), or consider extending one of the following types with your repository: org.springframework.data.keyvalue.repository.KeyValueRepository
2026-04-25 22:25:55 [main] INFO  o.s.d.r.c.RepositoryConfigurationExtensionSupport - Spring Data Redis - Could not safely identify store assignment for repository candidate interface com.hospital.doctor.DoctorRepository; If you want this repository to be a Redis repository, consider annotating your entities with one of these annotations: org.springframework.data.redis.core.RedisHash (preferred), or consider extending one of the following types with your repository: org.springframework.data.keyvalue.repository.KeyValueRepository
2026-04-25 22:25:55 [main] INFO  o.s.d.r.c.RepositoryConfigurationExtensionSupport - Spring Data Redis - Could not safely identify store assignment for repository candidate interface com.hospital.lab.LabOrderRepository; If you want this repository to be a Redis repository, consider annotating your entities with one of these annotations: org.springframework.data.redis.core.RedisHash (preferred), or consider extending one of the following types with your repository: org.springframework.data.keyvalue.repository.KeyValueRepository
2026-04-25 22:25:55 [main] INFO  o.s.d.r.c.RepositoryConfigurationExtensionSupport - Spring Data Redis - Could not safely identify store assignment for repository candidate interface com.hospital.medicalrecord.MedicalRecordRepository; If you want this repository to be a Redis repository, consider annotating your entities with one of these annotations: org.springframework.data.redis.core.RedisHash (preferred), or consider extending one of the following types with your repository: org.springframework.data.keyvalue.repository.KeyValueRepository
2026-04-25 22:25:55 [main] INFO  o.s.d.r.c.RepositoryConfigurationExtensionSupport - Spring Data Redis - Could not safely identify store assignment for repository candidate interface com.hospital.notification.NotificationOutboxRepository; If you want this repository to be a Redis repository, consider annotating your entities with one of these annotations: org.springframework.data.redis.core.RedisHash (preferred), or consider extending one of the following types with your repository: org.springframework.data.keyvalue.repository.KeyValueRepository
2026-04-25 22:25:55 [main] INFO  o.s.d.r.c.RepositoryConfigurationExtensionSupport - Spring Data Redis - Could not safely identify store assignment for repository candidate interface com.hospital.notification.NotificationRepository; If you want this repository to be a Redis repository, consider annotating your entities with one of these annotations: org.springframework.data.redis.core.RedisHash (preferred), or consider extending one of the following types with your repository: org.springframework.data.keyvalue.repository.KeyValueRepository
2026-04-25 22:25:55 [main] INFO  o.s.d.r.c.RepositoryConfigurationExtensionSupport - Spring Data Redis - Could not safely identify store assignment for repository candidate interface com.hospital.patient.PatientRepository; If you want this repository to be a Redis repository, consider annotating your entities with one of these annotations: org.springframework.data.redis.core.RedisHash (preferred), or consider extending one of the following types with your repository: org.springframework.data.keyvalue.repository.KeyValueRepository
2026-04-25 22:25:55 [main] INFO  o.s.d.r.c.RepositoryConfigurationExtensionSupport - Spring Data Redis - Could not safely identify store assignment for repository candidate interface com.hospital.pharmacy.MedicationRepository; If you want this repository to be a Redis repository, consider annotating your entities with one of these annotations: org.springframework.data.redis.core.RedisHash (preferred), or consider extending one of the following types with your repository: org.springframework.data.keyvalue.repository.KeyValueRepository
2026-04-25 22:25:55 [main] INFO  o.s.d.r.c.RepositoryConfigurationExtensionSupport - Spring Data Redis - Could not safely identify store assignment for repository candidate interface com.hospital.prescription.PrescriptionRepository; If you want this repository to be a Redis repository, consider annotating your entities with one of these annotations: org.springframework.data.redis.core.RedisHash (preferred), or consider extending one of the following types with your repository: org.springframework.data.keyvalue.repository.KeyValueRepository
2026-04-25 22:25:55 [main] INFO  o.s.d.r.c.RepositoryConfigurationExtensionSupport - Spring Data Redis - Could not safely identify store assignment for repository candidate interface com.hospital.user.UserRepository; If you want this repository to be a Redis repository, consider annotating your entities with one of these annotations: org.springframework.data.redis.core.RedisHash (preferred), or consider extending one of the following types with your repository: org.springframework.data.keyvalue.repository.KeyValueRepository
2026-04-25 22:25:55 [main] INFO  o.s.d.r.c.RepositoryConfigurationExtensionSupport - Spring Data Redis - Could not safely identify store assignment for repository candidate interface com.hospital.ward.BedRepository; If you want this repository to be a Redis repository, consider annotating your entities with one of these annotations: org.springframework.data.redis.core.RedisHash (preferred), or consider extending one of the following types with your repository: org.springframework.data.keyvalue.repository.KeyValueRepository
2026-04-25 22:25:55 [main] INFO  o.s.d.r.c.RepositoryConfigurationExtensionSupport - Spring Data Redis - Could not safely identify store assignment for repository candidate interface com.hospital.ward.WardRepository; If you want this repository to be a Redis repository, consider annotating your entities with one of these annotations: org.springframework.data.redis.core.RedisHash (preferred), or consider extending one of the following types with your repository: org.springframework.data.keyvalue.repository.KeyValueRepository
2026-04-25 22:25:55 [main] INFO  o.s.d.r.c.RepositoryConfigurationDelegate - Finished Spring Data repository scanning in 6 ms. Found 0 Redis repository interfaces.
2026-04-25 22:25:55 [main] INFO  o.s.b.w.e.tomcat.TomcatWebServer - Tomcat initialized with port 0 (http)
2026-04-25 22:25:55 [main] INFO  o.a.catalina.core.StandardService - Starting service [Tomcat]
2026-04-25 22:25:55 [main] INFO  o.a.catalina.core.StandardEngine - Starting Servlet engine: [Apache Tomcat/10.1.20]
2026-04-25 22:25:55 [main] INFO  o.a.c.c.C.[Tomcat].[localhost].[/] - Initializing Spring embedded WebApplicationContext
2026-04-25 22:25:55 [main] INFO  o.s.b.w.s.c.ServletWebServerApplicationContext - Root WebApplicationContext: initialization completed in 896 ms
2026-04-25 22:25:55 [main] INFO  o.h.jpa.internal.util.LogHelper - HHH000204: Processing PersistenceUnitInfo [name: default]
2026-04-25 22:25:55 [main] INFO  org.hibernate.Version - HHH000412: Hibernate ORM core version 6.4.4.Final
2026-04-25 22:25:55 [main] INFO  o.h.c.i.RegionFactoryInitiator - HHH000026: Second-level cache disabled
2026-04-25 22:25:55 [main] INFO  o.s.o.j.p.SpringPersistenceUnitInfo - No LoadTimeWeaver setup: ignoring JPA class transformer
2026-04-25 22:25:55 [main] INFO  com.zaxxer.hikari.HikariDataSource - HikariPool-1 - Starting...
2026-04-25 22:25:55 [main] INFO  com.zaxxer.hikari.pool.HikariPool - HikariPool-1 - Added connection conn0: url=jdbc:h2:mem:testdb user=SA
2026-04-25 22:25:55 [main] INFO  com.zaxxer.hikari.HikariDataSource - HikariPool-1 - Start completed.
2026-04-25 22:25:55 [main] WARN  org.hibernate.orm.deprecation - HHH90000025: H2Dialect does not need to be specified explicitly using 'hibernate.dialect' (remove the property setting and it will be selected by default)
2026-04-25 22:25:56 [main] INFO  o.h.e.t.j.p.i.JtaPlatformInitiator - HHH000489: No JTA platform available (set 'hibernate.transaction.jta.platform' to enable JTA platform integration)
Hibernate: 
    drop table if exists appointments cascade 
Hibernate: 
    drop table if exists audit_logs cascade 
Hibernate: 
    drop table if exists beds cascade 
Hibernate: 
    drop table if exists departments cascade 
Hibernate: 
    drop table if exists doctor_available_days cascade 
Hibernate: 
    drop table if exists doctors cascade 
Hibernate: 
    drop table if exists invoice_items cascade 
Hibernate: 
    drop table if exists invoices cascade 
Hibernate: 
    drop table if exists lab_orders cascade 
Hibernate: 
    drop table if exists medical_records cascade 
Hibernate: 
    drop table if exists medications cascade 
Hibernate: 
    drop table if exists notification_outbox cascade 
Hibernate: 
    drop table if exists notifications cascade 
Hibernate: 
    drop table if exists patient_vitals cascade 
Hibernate: 
    drop table if exists patients cascade 
Hibernate: 
    drop table if exists prescriptions cascade 
Hibernate: 
    drop table if exists users cascade 
Hibernate: 
    drop table if exists wards cascade 
Hibernate: 
    create table appointments (
        is_rescheduled boolean,
        appointment_date timestamp(6) not null,
        created_at timestamp(6) not null,
        deleted_at timestamp(6),
        end_time timestamp(6),
        updated_at timestamp(6),
        version bigint,
        created_by uuid,
        doctor_id uuid not null,
        id uuid not null,
        patient_id uuid not null,
        updated_by uuid,
        cancellation_reason varchar(255),
        cancelled_by varchar(255),
        idempotency_key varchar(255) unique,
        reason_for_visit varchar(255),
        status varchar(255) not null check (status in ('SCHEDULED','CONFIRMED','IN_PROGRESS','COMPLETED','CANCELLED','NO_SHOW')),
        notes clob,
        primary key (id)
    )
Hibernate: 
    create table audit_logs (
        created_at timestamp(6) not null,
        deleted_at timestamp(6),
        updated_at timestamp(6),
        version bigint,
        actor_id uuid,
        created_by uuid,
        entity_id uuid not null,
        id uuid not null,
        updated_by uuid,
        action varchar(255) not null check (action in ('CREATE','UPDATE','DELETE')),
        actor_email varchar(255),
        actor_ip varchar(255),
        entity_type varchar(255) not null,
        changed_fields clob,
        primary key (id)
    )
Hibernate: 
    create table beds (
        admitted_at timestamp(6),
        created_at timestamp(6) not null,
        deleted_at timestamp(6),
        discharged_at timestamp(6),
        updated_at timestamp(6),
        version bigint,
        created_by uuid,
        id uuid not null,
        patient_id uuid,
        updated_by uuid,
        ward_id uuid not null,
        bed_number varchar(255) not null unique,
        status varchar(255) not null check (status in ('AVAILABLE','OCCUPIED','MAINTENANCE')),
        primary key (id)
    )
Hibernate: 
    create table departments (
        consultation_rooms integer,
        floor_number integer,
        is_active boolean,
        created_at timestamp(6) not null,
        deleted_at timestamp(6),
        updated_at timestamp(6),
        version bigint,
        created_by uuid,
        head_doctor_id uuid,
        id uuid not null,
        updated_by uuid,
        building varchar(255),
        name varchar(255) not null unique,
        phone_extension varchar(255),
        description clob,
        primary key (id)
    )
Hibernate: 
    create table doctor_available_days (
        doctor_id uuid not null,
        day_of_week varchar(255)
    )
Hibernate: 
    create table doctors (
        consultation_fee float(53),
        follow_up_fee float(53),
        license_expiry_date date,
        max_patients_per_day integer,
        slot_duration_minutes integer,
        years_of_experience integer,
        created_at timestamp(6) not null,
        deleted_at timestamp(6),
        updated_at timestamp(6),
        version bigint,
        created_by uuid,
        department_id uuid,
        id uuid not null,
        updated_by uuid,
        user_id uuid unique,
        license_number varchar(255),
        qualification varchar(255),
        specialization varchar(255),
        biography clob,
        primary key (id)
    )
Hibernate: 
    create table invoice_items (
        amount numeric(38,2) not null,
        quantity integer not null,
        unit_price numeric(38,2) not null,
        created_at timestamp(6) not null,
        deleted_at timestamp(6),
        updated_at timestamp(6),
        version bigint,
        created_by uuid,
        id uuid not null,
        invoice_id uuid not null,
        updated_by uuid,
        description varchar(255) not null,
        item_type varchar(255) not null,
        primary key (id)
    )
Hibernate: 
    create table invoices (
        discount numeric(38,2),
        paid_amount numeric(38,2),
        subtotal numeric(38,2) not null,
        tax numeric(38,2),
        total numeric(38,2) not null,
        created_at timestamp(6) not null,
        deleted_at timestamp(6),
        due_date timestamp(6),
        invoice_date timestamp(6) not null,
        updated_at timestamp(6),
        version bigint,
        created_by uuid,
        id uuid not null,
        patient_id uuid not null,
        updated_by uuid,
        idempotency_key varchar(255),
        invoice_number varchar(255) not null unique,
        status varchar(255) not null check (status in ('PENDING','PAID','PARTIAL','OVERDUE','CANCELLED','REFUNDED')),
        notes clob,
        primary key (id)
    )
Hibernate: 
    create table lab_orders (
        completed_date timestamp(6),
        created_at timestamp(6) not null,
        deleted_at timestamp(6),
        order_date timestamp(6) not null,
        updated_at timestamp(6),
        version bigint,
        created_by uuid,
        doctor_id uuid not null,
        id uuid not null,
        patient_id uuid not null,
        updated_by uuid,
        status varchar(255) not null check (status in ('REQUESTED','IN_PROGRESS','COMPLETED','CANCELLED')),
        test_code varchar(255),
        test_name varchar(255) not null,
        description clob,
        notes clob,
        results clob,
        primary key (id)
    )
Hibernate: 
    create table medical_records (
        heart_rate integer,
        height float(53),
        oxygen_saturation float(53),
        temperature float(53),
        weight float(53),
        created_at timestamp(6) not null,
        deleted_at timestamp(6),
        updated_at timestamp(6),
        version bigint,
        visit_date timestamp(6) not null,
        appointment_id uuid,
        created_by uuid,
        doctor_id uuid not null,
        id uuid not null,
        patient_id uuid not null,
        updated_by uuid,
        attachment_path varchar(255),
        blood_pressure varchar(255),
        icd10_code varchar(255),
        chief_complaint clob,
        diagnosis clob,
        follow_up_instructions clob,
        symptoms clob,
        treatment_plan clob,
        primary key (id)
    )
Hibernate: 
    create table medications (
        current_stock integer,
        expiry_date date,
        is_active boolean,
        reorder_level integer,
        requires_prescription boolean,
        unit_price numeric(38,2),
        created_at timestamp(6) not null,
        deleted_at timestamp(6),
        updated_at timestamp(6),
        version bigint,
        created_by uuid,
        id uuid not null,
        updated_by uuid,
        category varchar(255),
        code varchar(255) unique,
        manufacturer varchar(255),
        name varchar(255) not null unique,
        storage_location varchar(255),
        description clob,
        primary key (id)
    )
Hibernate: 
    create table notification_outbox (
        retry_count integer,
        created_at timestamp(6) not null,
        deleted_at timestamp(6),
        sent_at timestamp(6),
        updated_at timestamp(6),
        version bigint,
        created_by uuid,
        id uuid not null,
        reference_id uuid,
        updated_by uuid,
        user_id uuid,
        error_message varchar(255),
        reference_type varchar(255),
        title varchar(255),
        type varchar(255) check (type in ('INFO','APPOINTMENT_REMINDER','LAB_RESULT','BILLING','PRESCRIPTION','SYSTEM')),
        message clob,
        primary key (id)
    )
Hibernate: 
    create table notifications (
        is_read boolean,
        created_at timestamp(6) not null,
        deleted_at timestamp(6),
        read_at timestamp(6),
        updated_at timestamp(6),
        version bigint,
        created_by uuid,
        id uuid not null,
        reference_id uuid,
        updated_by uuid,
        user_id uuid,
        reference_type varchar(255),
        title varchar(255) not null,
        type varchar(255) not null check (type in ('INFO','APPOINTMENT_REMINDER','LAB_RESULT','BILLING','PRESCRIPTION','SYSTEM')),
        message clob not null,
        primary key (id)
    )
Hibernate: 
    create table patient_vitals (
        blood_pressure_diastolic float(53),
        blood_pressure_systolic float(53),
        heart_rate integer,
        height float(53),
        oxygen_saturation float(53),
        respiratory_rate integer,
        temperature float(53),
        weight float(53),
        created_at timestamp(6) not null,
        deleted_at timestamp(6),
        recorded_at timestamp(6),
        updated_at timestamp(6),
        version bigint,
        created_by uuid,
        id uuid not null,
        patient_id uuid not null,
        updated_by uuid,
        primary key (id)
    )
Hibernate: 
    create table patients (
        date_of_birth date,
        insurance_expiry_date date,
        created_at timestamp(6) not null,
        deleted_at timestamp(6),
        updated_at timestamp(6),
        version bigint,
        created_by uuid,
        id uuid not null,
        updated_by uuid,
        user_id uuid unique,
        address varchar(255),
        blood_type varchar(255),
        city varchar(255),
        country varchar(255),
        emergency_contact_name varchar(255),
        emergency_contact_phone varchar(255),
        emergency_contact_relationship varchar(255),
        gender varchar(255) check (gender in ('MALE','FEMALE','OTHER')),
        insurance_policy_number varchar(255),
        insurance_provider varchar(255),
        mrn varchar(255) not null unique,
        state varchar(255),
        zip_code varchar(255),
        allergies clob,
        chronic_conditions clob,
        medical_history clob,
        primary key (id)
    )
Hibernate: 
    create table prescriptions (
        duration_days integer,
        end_date date,
        start_date date,
        created_at timestamp(6) not null,
        deleted_at timestamp(6),
        prescription_date timestamp(6) not null,
        updated_at timestamp(6),
        version bigint,
        created_by uuid,
        doctor_id uuid not null,
        id uuid not null,
        medical_record_id uuid,
        patient_id uuid not null,
        updated_by uuid,
        dosage varchar(255) not null,
        frequency varchar(255) not null,
        medicine_name varchar(255) not null,
        status varchar(255) not null check (status in ('ACTIVE','COMPLETED','CANCELLED')),
        instructions clob,
        primary key (id)
    )
Hibernate: 
    create table users (
        enabled boolean not null,
        failed_login_attempts integer not null,
        created_at timestamp(6) not null,
        deleted_at timestamp(6),
        locked_until timestamp(6),
        updated_at timestamp(6),
        version bigint,
        created_by uuid,
        id uuid not null,
        updated_by uuid,
        refresh_token varchar(1000),
        email varchar(255) not null unique,
        first_name varchar(255) not null,
        last_name varchar(255) not null,
        password varchar(255) not null,
        phone varchar(255) not null unique,
        role varchar(255) not null check (role in ('ADMIN','DOCTOR','NURSE','RECEPTIONIST','PATIENT','PHARMACIST','LAB_TECHNICIAN')),
        primary key (id)
    )
Hibernate: 
    create table wards (
        available_beds integer,
        is_active boolean,
        total_beds integer,
        created_at timestamp(6) not null,
        deleted_at timestamp(6),
        updated_at timestamp(6),
        version bigint,
        created_by uuid,
        department_id uuid,
        id uuid not null,
        updated_by uuid,
        name varchar(255) not null unique,
        ward_type varchar(255),
        primary key (id)
    )
Hibernate: 
    alter table if exists appointments 
       add constraint FKmujeo4tymoo98cmf7uj3vsv76 
       foreign key (doctor_id) 
       references doctors
Hibernate: 
    alter table if exists appointments 
       add constraint FK8exap5wmg8kmb1g1rx3by21yt 
       foreign key (patient_id) 
       references patients
Hibernate: 
    alter table if exists beds 
       add constraint FK4h1eygo0cl2k08jyto7objc5t 
       foreign key (patient_id) 
       references patients
Hibernate: 
    alter table if exists beds 
       add constraint FKccoswfceny9biqfp1jkcpcrqy 
       foreign key (ward_id) 
       references wards
Hibernate: 
    alter table if exists departments 
       add constraint FKiiyyk93w4wepfiae0m70w6ch0 
       foreign key (head_doctor_id) 
       references users
Hibernate: 
    alter table if exists doctor_available_days 
       add constraint FKhhnbfqustrh46vuehatdsv53r 
       foreign key (doctor_id) 
       references doctors
Hibernate: 
    alter table if exists doctors 
       add constraint FKl2mro81neln9topymd898urh1 
       foreign key (department_id) 
       references departments
Hibernate: 
    alter table if exists doctors 
       add constraint FKe9pf5qtxxkdyrwibaevo9frtk 
       foreign key (user_id) 
       references users
Hibernate: 
    alter table if exists invoice_items 
       add constraint FK46ae0lhu1oqs7cv91fn6y9n7w 
       foreign key (invoice_id) 
       references invoices
Hibernate: 
    alter table if exists invoices 
       add constraint FKrpyotno5h237hyoaokuggqqog 
       foreign key (patient_id) 
       references patients
Hibernate: 
    alter table if exists lab_orders 
       add constraint FKo7am0488341w83mkp8oxmhqcq 
       foreign key (doctor_id) 
       references doctors
Hibernate: 
    alter table if exists lab_orders 
       add constraint FKthw0jarnyedxux7fxbjp6nk7k 
       foreign key (patient_id) 
       references patients
Hibernate: 
    alter table if exists medical_records 
       add constraint FKifeec8p5v06rt258odelw8s7j 
       foreign key (appointment_id) 
       references appointments
Hibernate: 
    alter table if exists medical_records 
       add constraint FKtny13k9v4o58styd47st3s2l5 
       foreign key (doctor_id) 
       references doctors
Hibernate: 
    alter table if exists medical_records 
       add constraint FKrav12h9aiw7pegjt62p8owwn3 
       foreign key (patient_id) 
       references patients
Hibernate: 
    alter table if exists patient_vitals 
       add constraint FKdjdd04qmunue0563dvj57sp5d 
       foreign key (patient_id) 
       references patients
Hibernate: 
    alter table if exists patients 
       add constraint FKuwca24wcd1tg6pjex8lmc0y7 
       foreign key (user_id) 
       references users
Hibernate: 
    alter table if exists prescriptions 
       add constraint FK24chc88e4so7cd6melh11rv6 
       foreign key (doctor_id) 
       references doctors
Hibernate: 
    alter table if exists prescriptions 
       add constraint FKpchnmvlttcajjovopclelmdjh 
       foreign key (medical_record_id) 
       references medical_records
Hibernate: 
    alter table if exists prescriptions 
       add constraint FKqydyol76jn1o37k1bdbkjgq74 
       foreign key (patient_id) 
       references patients
Hibernate: 
    alter table if exists wards 
       add constraint FKtne8t1tbs247l9kar3w9ajhon 
       foreign key (department_id) 
       references departments
2026-04-25 22:25:56 [main] INFO  o.s.o.j.LocalContainerEntityManagerFactoryBean - Initialized JPA EntityManagerFactory for persistence unit 'default'
2026-04-25 22:25:56 [main] INFO  o.s.d.j.r.query.QueryEnhancerFactory - Hibernate is in classpath; If applicable, HQL parser will be used.
2026-04-25 22:25:56 [main] DEBUG c.h.security.JwtAuthenticationFilter - Filter 'jwtAuthenticationFilter' configured for use
2026-04-25 22:25:57 [main] WARN  o.s.b.a.o.j.JpaBaseConfiguration$JpaWebConfiguration - spring.jpa.open-in-view is enabled by default. Therefore, database queries may be performed during view rendering. Explicitly configure spring.jpa.open-in-view to disable this warning
2026-04-25 22:25:57 [main] INFO  o.s.b.a.e.web.EndpointLinksResolver - Exposing 3 endpoint(s) beneath base path '/actuator'
2026-04-25 22:25:57 [main] INFO  o.s.s.web.DefaultSecurityFilterChain - Will secure any request with [org.springframework.security.web.session.DisableEncodeUrlFilter@4af58e7b, org.springframework.security.web.context.request.async.WebAsyncManagerIntegrationFilter@5d33742, org.springframework.security.web.context.SecurityContextHolderFilter@761e1290, org.springframework.security.web.header.HeaderWriterFilter@fc2d07f, org.springframework.web.filter.CorsFilter@7cf3544, org.springframework.security.web.authentication.logout.LogoutFilter@397b68ed, com.hospital.security.JwtAuthenticationFilter@4b0a781e, org.springframework.security.web.savedrequest.RequestCacheAwareFilter@7991877f, org.springframework.security.web.servletapi.SecurityContextHolderAwareRequestFilter@6517ed0d, org.springframework.security.web.authentication.AnonymousAuthenticationFilter@4087fff9, org.springframework.security.web.session.SessionManagementFilter@2ba83c41, org.springframework.security.web.access.ExceptionTranslationFilter@16b6e6c3, org.springframework.security.web.access.intercept.AuthorizationFilter@572c013f]
2026-04-25 22:25:57 [main] DEBUG c.h.security.JwtAuthenticationFilter - Filter 'jwtAuthenticationFilter' configured for use
2026-04-25 22:25:57 [main] INFO  o.a.c.c.C.[Tomcat].[localhost].[/] - Initializing Spring TestDispatcherServlet ''
2026-04-25 22:25:57 [main] INFO  o.s.t.w.s.TestDispatcherServlet - Initializing Servlet ''
2026-04-25 22:25:57 [main] INFO  o.s.t.w.s.TestDispatcherServlet - Completed initialization in 0 ms
2026-04-25 22:25:57 [main] INFO  o.s.b.w.e.tomcat.TomcatWebServer - Tomcat started on port 55440 (http) with context path ''
2026-04-25 22:25:57 [main] INFO  com.hospital.ApiIntegrationTest - Started ApiIntegrationTest in 3.401 seconds (process running for 3.737)
2026-04-25 22:25:58 [main] DEBUG o.s.security.web.FilterChainProxy - Securing POST /api/v1/auth/register
2026-04-25 22:25:58 [main] DEBUG o.s.s.w.a.AnonymousAuthenticationFilter - Set SecurityContextHolder to anonymous SecurityContext
2026-04-25 22:25:58 [main] DEBUG o.s.security.web.FilterChainProxy - Secured POST /api/v1/auth/register
Hibernate: 
    select
        u1_0.id 
    from
        users u1_0 
    where
        u1_0.email=? 
    fetch
        first ? rows only
Hibernate: 
    select
        u1_0.id 
    from
        users u1_0 
    where
        u1_0.phone=? 
    fetch
        first ? rows only
2026-04-25 22:25:58 [main] INFO  com.hospital.auth.AuthService - New user registered: admin1777134358078@hospital.com with role: ADMIN
Hibernate: 
    insert 
    into
        users
        (created_at, created_by, deleted_at, email, enabled, failed_login_attempts, first_name, last_name, locked_until, password, phone, refresh_token, role, updated_at, updated_by, version, id) 
    values
        (?, ?, ?, ?, ?, ?, ?, ?, ?, ?, ?, ?, ?, ?, ?, ?, ?)
Hibernate: 
    update
        users 
    set
        deleted_at=?,
        email=?,
        enabled=?,
        failed_login_attempts=?,
        first_name=?,
        last_name=?,
        locked_until=?,
        password=?,
        phone=?,
        refresh_token=?,
        role=?,
        updated_at=?,
        updated_by=?,
        version=? 
    where
        id=? 
        and version=?
2026-04-25 22:25:58 [main] DEBUG o.s.security.web.FilterChainProxy - Securing POST /api/v1/auth/login
2026-04-25 22:25:58 [main] DEBUG o.s.s.w.a.AnonymousAuthenticationFilter - Set SecurityContextHolder to anonymous SecurityContext
2026-04-25 22:25:58 [main] DEBUG o.s.security.web.FilterChainProxy - Secured POST /api/v1/auth/login
Hibernate: 
    select
        u1_0.id,
        u1_0.created_at,
        u1_0.created_by,
        u1_0.deleted_at,
        u1_0.email,
        u1_0.enabled,
        u1_0.failed_login_attempts,
        u1_0.first_name,
        u1_0.last_name,
        u1_0.locked_until,
        u1_0.password,
        u1_0.phone,
        u1_0.refresh_token,
        u1_0.role,
        u1_0.updated_at,
        u1_0.updated_by,
        u1_0.version 
    from
        users u1_0 
    where
        u1_0.email=?
2026-04-25 22:25:58 [main] DEBUG o.s.s.a.d.DaoAuthenticationProvider - Authenticated user
Hibernate: 
    select
        u1_0.id,
        u1_0.created_at,
        u1_0.created_by,
        u1_0.deleted_at,
        u1_0.email,
        u1_0.enabled,
        u1_0.failed_login_attempts,
        u1_0.first_name,
        u1_0.last_name,
        u1_0.locked_until,
        u1_0.password,
        u1_0.phone,
        u1_0.refresh_token,
        u1_0.role,
        u1_0.updated_at,
        u1_0.updated_by,
        u1_0.version 
    from
        users u1_0 
    where
        u1_0.email=?
2026-04-25 22:25:58 [main] INFO  com.hospital.auth.AuthService - User logged in: admin1777134358078@hospital.com
2026-04-25 22:25:58 [main] DEBUG o.s.security.web.FilterChainProxy - Securing GET /api/v1/wards
Hibernate: 
    select
        u1_0.id,
        u1_0.created_at,
        u1_0.created_by,
        u1_0.deleted_at,
        u1_0.email,
        u1_0.enabled,
        u1_0.failed_login_attempts,
        u1_0.first_name,
        u1_0.last_name,
        u1_0.locked_until,
        u1_0.password,
        u1_0.phone,
        u1_0.refresh_token,
        u1_0.role,
        u1_0.updated_at,
        u1_0.updated_by,
        u1_0.version 
    from
        users u1_0 
    where
        u1_0.email=?
2026-04-25 22:25:58 [main] DEBUG o.s.security.web.FilterChainProxy - Secured GET /api/v1/wards
2026-04-25 22:25:58 [main] DEBUG o.s.s.a.m.AuthorizationManagerBeforeMethodInterceptor - Authorizing method invocation ReflectiveMethodInvocation: public org.springframework.http.ResponseEntity com.hospital.ward.WardController.getAllWards(org.springframework.data.domain.Pageable); target is of class [com.hospital.ward.WardController]
2026-04-25 22:25:58 [main] DEBUG o.s.s.a.m.AuthorizationManagerBeforeMethodInterceptor - Authorized method invocation ReflectiveMethodInvocation: public org.springframework.http.ResponseEntity com.hospital.ward.WardController.getAllWards(org.springframework.data.domain.Pageable); target is of class [com.hospital.ward.WardController]
Hibernate: 
    select
        w1_0.id,
        w1_0.is_active,
        w1_0.available_beds,
        w1_0.created_at,
        w1_0.created_by,
        w1_0.deleted_at,
        w1_0.department_id,
        w1_0.name,
        w1_0.total_beds,
        w1_0.updated_at,
        w1_0.updated_by,
        w1_0.version,
        w1_0.ward_type 
    from
        wards w1_0 
    where
        w1_0.deleted_at is null 
        and w1_0.is_active=true 
    offset
        ? rows 
    fetch
        first ? rows only
]]></system-out>
    <system-err><![CDATA[WARNING: A Java agent has been loaded dynamically (/Users/khalid/.m2/repository/net/bytebuddy/byte-buddy-agent/1.14.13/byte-buddy-agent-1.14.13.jar)
WARNING: If a serviceability tool is in use, please run with -XX:+EnableDynamicAgentLoading to hide this warning
WARNING: If a serviceability tool is not in use, please run with -Djdk.instrument.traceUsage for more information
WARNING: Dynamic loading of agents will be disallowed by default in a future release
]]></system-err>
  </testcase>
  <testcase name="auth_Login" classname="com.hospital.ApiIntegrationTest" time="0.15">
    <system-out><![CDATA[2026-04-25 22:25:58 [main] DEBUG o.s.security.web.FilterChainProxy - Securing POST /api/v1/auth/register
2026-04-25 22:25:58 [main] DEBUG o.s.s.w.a.AnonymousAuthenticationFilter - Set SecurityContextHolder to anonymous SecurityContext
2026-04-25 22:25:58 [main] DEBUG o.s.security.web.FilterChainProxy - Secured POST /api/v1/auth/register
Hibernate: 
    select
        u1_0.id 
    from
        users u1_0 
    where
        u1_0.email=? 
    fetch
        first ? rows only
Hibernate: 
    select
        u1_0.id 
    from
        users u1_0 
    where
        u1_0.phone=? 
    fetch
        first ? rows only
2026-04-25 22:25:58 [main] INFO  com.hospital.auth.AuthService - New user registered: user1777134358537@hospital.com with role: PATIENT
Hibernate: 
    insert 
    into
        users
        (created_at, created_by, deleted_at, email, enabled, failed_login_attempts, first_name, last_name, locked_until, password, phone, refresh_token, role, updated_at, updated_by, version, id) 
    values
        (?, ?, ?, ?, ?, ?, ?, ?, ?, ?, ?, ?, ?, ?, ?, ?, ?)
Hibernate: 
    update
        users 
    set
        deleted_at=?,
        email=?,
        enabled=?,
        failed_login_attempts=?,
        first_name=?,
        last_name=?,
        locked_until=?,
        password=?,
        phone=?,
        refresh_token=?,
        role=?,
        updated_at=?,
        updated_by=?,
        version=? 
    where
        id=? 
        and version=?
2026-04-25 22:25:58 [main] DEBUG o.s.security.web.FilterChainProxy - Securing POST /api/v1/auth/login
2026-04-25 22:25:58 [main] DEBUG o.s.s.w.a.AnonymousAuthenticationFilter - Set SecurityContextHolder to anonymous SecurityContext
2026-04-25 22:25:58 [main] DEBUG o.s.security.web.FilterChainProxy - Secured POST /api/v1/auth/login
Hibernate: 
    select
        u1_0.id,
        u1_0.created_at,
        u1_0.created_by,
        u1_0.deleted_at,
        u1_0.email,
        u1_0.enabled,
        u1_0.failed_login_attempts,
        u1_0.first_name,
        u1_0.last_name,
        u1_0.locked_until,
        u1_0.password,
        u1_0.phone,
        u1_0.refresh_token,
        u1_0.role,
        u1_0.updated_at,
        u1_0.updated_by,
        u1_0.version 
    from
        users u1_0 
    where
        u1_0.email=?
2026-04-25 22:25:58 [main] DEBUG o.s.s.a.d.DaoAuthenticationProvider - Authenticated user
Hibernate: 
    select
        u1_0.id,
        u1_0.created_at,
        u1_0.created_by,
        u1_0.deleted_at,
        u1_0.email,
        u1_0.enabled,
        u1_0.failed_login_attempts,
        u1_0.first_name,
        u1_0.last_name,
        u1_0.locked_until,
        u1_0.password,
        u1_0.phone,
        u1_0.refresh_token,
        u1_0.role,
        u1_0.updated_at,
        u1_0.updated_by,
        u1_0.version 
    from
        users u1_0 
    where
        u1_0.email=?
2026-04-25 22:25:58 [main] INFO  com.hospital.auth.AuthService - User logged in: user1777134358537@hospital.com
]]></system-out>
  </testcase>
  <testcase name="prescription_List" classname="com.hospital.ApiIntegrationTest" time="0.152">
    <system-out><![CDATA[2026-04-25 22:25:58 [main] DEBUG o.s.security.web.FilterChainProxy - Securing POST /api/v1/auth/register
2026-04-25 22:25:58 [main] DEBUG o.s.s.w.a.AnonymousAuthenticationFilter - Set SecurityContextHolder to anonymous SecurityContext
2026-04-25 22:25:58 [main] DEBUG o.s.security.web.FilterChainProxy - Secured POST /api/v1/auth/register
Hibernate: 
    select
        u1_0.id 
    from
        users u1_0 
    where
        u1_0.email=? 
    fetch
        first ? rows only
Hibernate: 
    select
        u1_0.id 
    from
        users u1_0 
    where
        u1_0.phone=? 
    fetch
        first ? rows only
2026-04-25 22:25:58 [main] INFO  com.hospital.auth.AuthService - New user registered: admin1777134358687@hospital.com with role: ADMIN
Hibernate: 
    insert 
    into
        users
        (created_at, created_by, deleted_at, email, enabled, failed_login_attempts, first_name, last_name, locked_until, password, phone, refresh_token, role, updated_at, updated_by, version, id) 
    values
        (?, ?, ?, ?, ?, ?, ?, ?, ?, ?, ?, ?, ?, ?, ?, ?, ?)
Hibernate: 
    update
        users 
    set
        deleted_at=?,
        email=?,
        enabled=?,
        failed_login_attempts=?,
        first_name=?,
        last_name=?,
        locked_until=?,
        password=?,
        phone=?,
        refresh_token=?,
        role=?,
        updated_at=?,
        updated_by=?,
        version=? 
    where
        id=? 
        and version=?
2026-04-25 22:25:58 [main] DEBUG o.s.security.web.FilterChainProxy - Securing POST /api/v1/auth/login
2026-04-25 22:25:58 [main] DEBUG o.s.s.w.a.AnonymousAuthenticationFilter - Set SecurityContextHolder to anonymous SecurityContext
2026-04-25 22:25:58 [main] DEBUG o.s.security.web.FilterChainProxy - Secured POST /api/v1/auth/login
Hibernate: 
    select
        u1_0.id,
        u1_0.created_at,
        u1_0.created_by,
        u1_0.deleted_at,
        u1_0.email,
        u1_0.enabled,
        u1_0.failed_login_attempts,
        u1_0.first_name,
        u1_0.last_name,
        u1_0.locked_until,
        u1_0.password,
        u1_0.phone,
        u1_0.refresh_token,
        u1_0.role,
        u1_0.updated_at,
        u1_0.updated_by,
        u1_0.version 
    from
        users u1_0 
    where
        u1_0.email=?
2026-04-25 22:25:58 [main] DEBUG o.s.s.a.d.DaoAuthenticationProvider - Authenticated user
Hibernate: 
    select
        u1_0.id,
        u1_0.created_at,
        u1_0.created_by,
        u1_0.deleted_at,
        u1_0.email,
        u1_0.enabled,
        u1_0.failed_login_attempts,
        u1_0.first_name,
        u1_0.last_name,
        u1_0.locked_until,
        u1_0.password,
        u1_0.phone,
        u1_0.refresh_token,
        u1_0.role,
        u1_0.updated_at,
        u1_0.updated_by,
        u1_0.version 
    from
        users u1_0 
    where
        u1_0.email=?
2026-04-25 22:25:58 [main] INFO  com.hospital.auth.AuthService - User logged in: admin1777134358687@hospital.com
2026-04-25 22:25:58 [main] DEBUG o.s.security.web.FilterChainProxy - Securing GET /api/v1/prescriptions
Hibernate: 
    select
        u1_0.id,
        u1_0.created_at,
        u1_0.created_by,
        u1_0.deleted_at,
        u1_0.email,
        u1_0.enabled,
        u1_0.failed_login_attempts,
        u1_0.first_name,
        u1_0.last_name,
        u1_0.locked_until,
        u1_0.password,
        u1_0.phone,
        u1_0.refresh_token,
        u1_0.role,
        u1_0.updated_at,
        u1_0.updated_by,
        u1_0.version 
    from
        users u1_0 
    where
        u1_0.email=?
2026-04-25 22:25:58 [main] DEBUG o.s.security.web.FilterChainProxy - Secured GET /api/v1/prescriptions
2026-04-25 22:25:58 [main] DEBUG o.s.s.a.m.AuthorizationManagerBeforeMethodInterceptor - Authorizing method invocation ReflectiveMethodInvocation: public org.springframework.http.ResponseEntity com.hospital.prescription.PrescriptionController.getAllPrescriptions(org.springframework.data.domain.Pageable); target is of class [com.hospital.prescription.PrescriptionController]
2026-04-25 22:25:58 [main] DEBUG o.s.s.a.m.AuthorizationManagerBeforeMethodInterceptor - Authorized method invocation ReflectiveMethodInvocation: public org.springframework.http.ResponseEntity com.hospital.prescription.PrescriptionController.getAllPrescriptions(org.springframework.data.domain.Pageable); target is of class [com.hospital.prescription.PrescriptionController]
Hibernate: 
    select
        p1_0.id,
        p1_0.created_at,
        p1_0.created_by,
        p1_0.deleted_at,
        p1_0.doctor_id,
        p1_0.dosage,
        p1_0.duration_days,
        p1_0.end_date,
        p1_0.frequency,
        p1_0.instructions,
        p1_0.medical_record_id,
        p1_0.medicine_name,
        p1_0.patient_id,
        p1_0.prescription_date,
        p1_0.start_date,
        p1_0.status,
        p1_0.updated_at,
        p1_0.updated_by,
        p1_0.version 
    from
        prescriptions p1_0 
    where
        p1_0.deleted_at is null 
    offset
        ? rows 
    fetch
        first ? rows only
]]></system-out>
  </testcase>
  <testcase name="department_Create" classname="com.hospital.ApiIntegrationTest" time="0.16">
    <system-out><![CDATA[2026-04-25 22:25:58 [main] DEBUG o.s.security.web.FilterChainProxy - Securing POST /api/v1/auth/register
2026-04-25 22:25:58 [main] DEBUG o.s.s.w.a.AnonymousAuthenticationFilter - Set SecurityContextHolder to anonymous SecurityContext
2026-04-25 22:25:58 [main] DEBUG o.s.security.web.FilterChainProxy - Secured POST /api/v1/auth/register
Hibernate: 
    select
        u1_0.id 
    from
        users u1_0 
    where
        u1_0.email=? 
    fetch
        first ? rows only
Hibernate: 
    select
        u1_0.id 
    from
        users u1_0 
    where
        u1_0.phone=? 
    fetch
        first ? rows only
2026-04-25 22:25:58 [main] INFO  com.hospital.auth.AuthService - New user registered: admin1777134358841@hospital.com with role: ADMIN
Hibernate: 
    insert 
    into
        users
        (created_at, created_by, deleted_at, email, enabled, failed_login_attempts, first_name, last_name, locked_until, password, phone, refresh_token, role, updated_at, updated_by, version, id) 
    values
        (?, ?, ?, ?, ?, ?, ?, ?, ?, ?, ?, ?, ?, ?, ?, ?, ?)
Hibernate: 
    update
        users 
    set
        deleted_at=?,
        email=?,
        enabled=?,
        failed_login_attempts=?,
        first_name=?,
        last_name=?,
        locked_until=?,
        password=?,
        phone=?,
        refresh_token=?,
        role=?,
        updated_at=?,
        updated_by=?,
        version=? 
    where
        id=? 
        and version=?
2026-04-25 22:25:58 [main] DEBUG o.s.security.web.FilterChainProxy - Securing POST /api/v1/auth/login
2026-04-25 22:25:58 [main] DEBUG o.s.s.w.a.AnonymousAuthenticationFilter - Set SecurityContextHolder to anonymous SecurityContext
2026-04-25 22:25:58 [main] DEBUG o.s.security.web.FilterChainProxy - Secured POST /api/v1/auth/login
Hibernate: 
    select
        u1_0.id,
        u1_0.created_at,
        u1_0.created_by,
        u1_0.deleted_at,
        u1_0.email,
        u1_0.enabled,
        u1_0.failed_login_attempts,
        u1_0.first_name,
        u1_0.last_name,
        u1_0.locked_until,
        u1_0.password,
        u1_0.phone,
        u1_0.refresh_token,
        u1_0.role,
        u1_0.updated_at,
        u1_0.updated_by,
        u1_0.version 
    from
        users u1_0 
    where
        u1_0.email=?
2026-04-25 22:25:58 [main] DEBUG o.s.s.a.d.DaoAuthenticationProvider - Authenticated user
Hibernate: 
    select
        u1_0.id,
        u1_0.created_at,
        u1_0.created_by,
        u1_0.deleted_at,
        u1_0.email,
        u1_0.enabled,
        u1_0.failed_login_attempts,
        u1_0.first_name,
        u1_0.last_name,
        u1_0.locked_until,
        u1_0.password,
        u1_0.phone,
        u1_0.refresh_token,
        u1_0.role,
        u1_0.updated_at,
        u1_0.updated_by,
        u1_0.version 
    from
        users u1_0 
    where
        u1_0.email=?
2026-04-25 22:25:58 [main] INFO  com.hospital.auth.AuthService - User logged in: admin1777134358841@hospital.com
2026-04-25 22:25:58 [main] DEBUG o.s.security.web.FilterChainProxy - Securing POST /api/v1/departments
Hibernate: 
    select
        u1_0.id,
        u1_0.created_at,
        u1_0.created_by,
        u1_0.deleted_at,
        u1_0.email,
        u1_0.enabled,
        u1_0.failed_login_attempts,
        u1_0.first_name,
        u1_0.last_name,
        u1_0.locked_until,
        u1_0.password,
        u1_0.phone,
        u1_0.refresh_token,
        u1_0.role,
        u1_0.updated_at,
        u1_0.updated_by,
        u1_0.version 
    from
        users u1_0 
    where
        u1_0.email=?
2026-04-25 22:25:58 [main] DEBUG o.s.security.web.FilterChainProxy - Secured POST /api/v1/departments
2026-04-25 22:25:58 [main] DEBUG o.s.s.a.m.AuthorizationManagerBeforeMethodInterceptor - Authorizing method invocation ReflectiveMethodInvocation: public org.springframework.http.ResponseEntity com.hospital.department.DepartmentController.createDepartment(com.hospital.department.DepartmentCreateRequest); target is of class [com.hospital.department.DepartmentController]
2026-04-25 22:25:58 [main] DEBUG o.s.s.a.m.AuthorizationManagerBeforeMethodInterceptor - Authorized method invocation ReflectiveMethodInvocation: public org.springframework.http.ResponseEntity com.hospital.department.DepartmentController.createDepartment(com.hospital.department.DepartmentCreateRequest); target is of class [com.hospital.department.DepartmentController]
Hibernate: 
    select
        d1_0.id 
    from
        departments d1_0 
    where
        d1_0.name=? 
    fetch
        first ? rows only
2026-04-25 22:25:58 [main] INFO  c.h.department.DepartmentService - New department created: Cardiology1777134358986
Hibernate: 
    insert 
    into
        departments
        (is_active, building, consultation_rooms, created_at, created_by, deleted_at, description, floor_number, head_doctor_id, name, phone_extension, updated_at, updated_by, version, id) 
    values
        (?, ?, ?, ?, ?, ?, ?, ?, ?, ?, ?, ?, ?, ?, ?)
]]></system-out>
  </testcase>
  <testcase name="patient_List" classname="com.hospital.ApiIntegrationTest" time="0.155">
    <system-out><![CDATA[2026-04-25 22:25:59 [main] DEBUG o.s.security.web.FilterChainProxy - Securing POST /api/v1/auth/register
2026-04-25 22:25:59 [main] DEBUG o.s.s.w.a.AnonymousAuthenticationFilter - Set SecurityContextHolder to anonymous SecurityContext
2026-04-25 22:25:59 [main] DEBUG o.s.security.web.FilterChainProxy - Secured POST /api/v1/auth/register
Hibernate: 
    select
        u1_0.id 
    from
        users u1_0 
    where
        u1_0.email=? 
    fetch
        first ? rows only
Hibernate: 
    select
        u1_0.id 
    from
        users u1_0 
    where
        u1_0.phone=? 
    fetch
        first ? rows only
2026-04-25 22:25:59 [main] INFO  com.hospital.auth.AuthService - New user registered: admin1777134359001@hospital.com with role: ADMIN
Hibernate: 
    insert 
    into
        users
        (created_at, created_by, deleted_at, email, enabled, failed_login_attempts, first_name, last_name, locked_until, password, phone, refresh_token, role, updated_at, updated_by, version, id) 
    values
        (?, ?, ?, ?, ?, ?, ?, ?, ?, ?, ?, ?, ?, ?, ?, ?, ?)
Hibernate: 
    update
        users 
    set
        deleted_at=?,
        email=?,
        enabled=?,
        failed_login_attempts=?,
        first_name=?,
        last_name=?,
        locked_until=?,
        password=?,
        phone=?,
        refresh_token=?,
        role=?,
        updated_at=?,
        updated_by=?,
        version=? 
    where
        id=? 
        and version=?
2026-04-25 22:25:59 [main] DEBUG o.s.security.web.FilterChainProxy - Securing POST /api/v1/auth/login
2026-04-25 22:25:59 [main] DEBUG o.s.s.w.a.AnonymousAuthenticationFilter - Set SecurityContextHolder to anonymous SecurityContext
2026-04-25 22:25:59 [main] DEBUG o.s.security.web.FilterChainProxy - Secured POST /api/v1/auth/login
Hibernate: 
    select
        u1_0.id,
        u1_0.created_at,
        u1_0.created_by,
        u1_0.deleted_at,
        u1_0.email,
        u1_0.enabled,
        u1_0.failed_login_attempts,
        u1_0.first_name,
        u1_0.last_name,
        u1_0.locked_until,
        u1_0.password,
        u1_0.phone,
        u1_0.refresh_token,
        u1_0.role,
        u1_0.updated_at,
        u1_0.updated_by,
        u1_0.version 
    from
        users u1_0 
    where
        u1_0.email=?
2026-04-25 22:25:59 [main] DEBUG o.s.s.a.d.DaoAuthenticationProvider - Authenticated user
Hibernate: 
    select
        u1_0.id,
        u1_0.created_at,
        u1_0.created_by,
        u1_0.deleted_at,
        u1_0.email,
        u1_0.enabled,
        u1_0.failed_login_attempts,
        u1_0.first_name,
        u1_0.last_name,
        u1_0.locked_until,
        u1_0.password,
        u1_0.phone,
        u1_0.refresh_token,
        u1_0.role,
        u1_0.updated_at,
        u1_0.updated_by,
        u1_0.version 
    from
        users u1_0 
    where
        u1_0.email=?
2026-04-25 22:25:59 [main] INFO  com.hospital.auth.AuthService - User logged in: admin1777134359001@hospital.com
2026-04-25 22:25:59 [main] DEBUG o.s.security.web.FilterChainProxy - Securing GET /api/v1/patients
Hibernate: 
    select
        u1_0.id,
        u1_0.created_at,
        u1_0.created_by,
        u1_0.deleted_at,
        u1_0.email,
        u1_0.enabled,
        u1_0.failed_login_attempts,
        u1_0.first_name,
        u1_0.last_name,
        u1_0.locked_until,
        u1_0.password,
        u1_0.phone,
        u1_0.refresh_token,
        u1_0.role,
        u1_0.updated_at,
        u1_0.updated_by,
        u1_0.version 
    from
        users u1_0 
    where
        u1_0.email=?
2026-04-25 22:25:59 [main] DEBUG o.s.security.web.FilterChainProxy - Secured GET /api/v1/patients
2026-04-25 22:25:59 [main] DEBUG o.s.s.a.m.AuthorizationManagerBeforeMethodInterceptor - Authorizing method invocation ReflectiveMethodInvocation: public org.springframework.http.ResponseEntity com.hospital.patient.PatientController.getAllPatients(org.springframework.data.domain.Pageable); target is of class [com.hospital.patient.PatientController]
2026-04-25 22:25:59 [main] DEBUG o.s.s.a.m.AuthorizationManagerBeforeMethodInterceptor - Authorized method invocation ReflectiveMethodInvocation: public org.springframework.http.ResponseEntity com.hospital.patient.PatientController.getAllPatients(org.springframework.data.domain.Pageable); target is of class [com.hospital.patient.PatientController]
Hibernate: 
    select
        p1_0.id,
        p1_0.address,
        p1_0.allergies,
        p1_0.blood_type,
        p1_0.chronic_conditions,
        p1_0.city,
        p1_0.country,
        p1_0.created_at,
        p1_0.created_by,
        p1_0.date_of_birth,
        p1_0.deleted_at,
        p1_0.emergency_contact_name,
        p1_0.emergency_contact_phone,
        p1_0.emergency_contact_relationship,
        p1_0.gender,
        p1_0.insurance_expiry_date,
        p1_0.insurance_policy_number,
        p1_0.insurance_provider,
        p1_0.medical_history,
        p1_0.mrn,
        p1_0.state,
        p1_0.updated_at,
        p1_0.updated_by,
        p1_0.user_id,
        p1_0.version,
        p1_0.zip_code 
    from
        patients p1_0 
    where
        p1_0.deleted_at is null 
    offset
        ? rows 
    fetch
        first ? rows only
]]></system-out>
  </testcase>
  <testcase name="patient_Create" classname="com.hospital.ApiIntegrationTest" time="0.236">
    <system-out><![CDATA[2026-04-25 22:25:59 [main] DEBUG o.s.security.web.FilterChainProxy - Securing POST /api/v1/auth/register
2026-04-25 22:25:59 [main] DEBUG o.s.s.w.a.AnonymousAuthenticationFilter - Set SecurityContextHolder to anonymous SecurityContext
2026-04-25 22:25:59 [main] DEBUG o.s.security.web.FilterChainProxy - Secured POST /api/v1/auth/register
Hibernate: 
    select
        u1_0.id 
    from
        users u1_0 
    where
        u1_0.email=? 
    fetch
        first ? rows only
Hibernate: 
    select
        u1_0.id 
    from
        users u1_0 
    where
        u1_0.phone=? 
    fetch
        first ? rows only
2026-04-25 22:25:59 [main] INFO  com.hospital.auth.AuthService - New user registered: admin1777134359156@hospital.com with role: ADMIN
Hibernate: 
    insert 
    into
        users
        (created_at, created_by, deleted_at, email, enabled, failed_login_attempts, first_name, last_name, locked_until, password, phone, refresh_token, role, updated_at, updated_by, version, id) 
    values
        (?, ?, ?, ?, ?, ?, ?, ?, ?, ?, ?, ?, ?, ?, ?, ?, ?)
Hibernate: 
    update
        users 
    set
        deleted_at=?,
        email=?,
        enabled=?,
        failed_login_attempts=?,
        first_name=?,
        last_name=?,
        locked_until=?,
        password=?,
        phone=?,
        refresh_token=?,
        role=?,
        updated_at=?,
        updated_by=?,
        version=? 
    where
        id=? 
        and version=?
2026-04-25 22:25:59 [main] DEBUG o.s.security.web.FilterChainProxy - Securing POST /api/v1/auth/login
2026-04-25 22:25:59 [main] DEBUG o.s.s.w.a.AnonymousAuthenticationFilter - Set SecurityContextHolder to anonymous SecurityContext
2026-04-25 22:25:59 [main] DEBUG o.s.security.web.FilterChainProxy - Secured POST /api/v1/auth/login
Hibernate: 
    select
        u1_0.id,
        u1_0.created_at,
        u1_0.created_by,
        u1_0.deleted_at,
        u1_0.email,
        u1_0.enabled,
        u1_0.failed_login_attempts,
        u1_0.first_name,
        u1_0.last_name,
        u1_0.locked_until,
        u1_0.password,
        u1_0.phone,
        u1_0.refresh_token,
        u1_0.role,
        u1_0.updated_at,
        u1_0.updated_by,
        u1_0.version 
    from
        users u1_0 
    where
        u1_0.email=?
2026-04-25 22:25:59 [main] DEBUG o.s.s.a.d.DaoAuthenticationProvider - Authenticated user
Hibernate: 
    select
        u1_0.id,
        u1_0.created_at,
        u1_0.created_by,
        u1_0.deleted_at,
        u1_0.email,
        u1_0.enabled,
        u1_0.failed_login_attempts,
        u1_0.first_name,
        u1_0.last_name,
        u1_0.locked_until,
        u1_0.password,
        u1_0.phone,
        u1_0.refresh_token,
        u1_0.role,
        u1_0.updated_at,
        u1_0.updated_by,
        u1_0.version 
    from
        users u1_0 
    where
        u1_0.email=?
2026-04-25 22:25:59 [main] INFO  com.hospital.auth.AuthService - User logged in: admin1777134359156@hospital.com
2026-04-25 22:25:59 [main] DEBUG o.s.security.web.FilterChainProxy - Securing POST /api/v1/patients
Hibernate: 
    select
        u1_0.id,
        u1_0.created_at,
        u1_0.created_by,
        u1_0.deleted_at,
        u1_0.email,
        u1_0.enabled,
        u1_0.failed_login_attempts,
        u1_0.first_name,
        u1_0.last_name,
        u1_0.locked_until,
        u1_0.password,
        u1_0.phone,
        u1_0.refresh_token,
        u1_0.role,
        u1_0.updated_at,
        u1_0.updated_by,
        u1_0.version 
    from
        users u1_0 
    where
        u1_0.email=?
2026-04-25 22:25:59 [main] DEBUG o.s.security.web.FilterChainProxy - Secured POST /api/v1/patients
2026-04-25 22:25:59 [main] DEBUG o.s.s.a.m.AuthorizationManagerBeforeMethodInterceptor - Authorizing method invocation ReflectiveMethodInvocation: public org.springframework.http.ResponseEntity com.hospital.patient.PatientController.createPatient(com.hospital.patient.PatientCreateRequest); target is of class [com.hospital.patient.PatientController]
2026-04-25 22:25:59 [main] DEBUG o.s.s.a.m.AuthorizationManagerBeforeMethodInterceptor - Authorized method invocation ReflectiveMethodInvocation: public org.springframework.http.ResponseEntity com.hospital.patient.PatientController.createPatient(com.hospital.patient.PatientCreateRequest); target is of class [com.hospital.patient.PatientController]
Hibernate: 
    select
        u1_0.id 
    from
        users u1_0 
    where
        u1_0.email=? 
    fetch
        first ? rows only
Hibernate: 
    select
        u1_0.id 
    from
        users u1_0 
    where
        u1_0.phone=? 
    fetch
        first ? rows only
2026-04-25 22:25:59 [main] INFO  com.hospital.patient.PatientService - New patient created with MRN: MRN056858
Hibernate: 
    insert 
    into
        users
        (created_at, created_by, deleted_at, email, enabled, failed_login_attempts, first_name, last_name, locked_until, password, phone, refresh_token, role, updated_at, updated_by, version, id) 
    values
        (?, ?, ?, ?, ?, ?, ?, ?, ?, ?, ?, ?, ?, ?, ?, ?, ?)
Hibernate: 
    insert 
    into
        patients
        (address, allergies, blood_type, chronic_conditions, city, country, created_at, created_by, date_of_birth, deleted_at, emergency_contact_name, emergency_contact_phone, emergency_contact_relationship, gender, insurance_expiry_date, insurance_policy_number, insurance_provider, medical_history, mrn, state, updated_at, updated_by, user_id, version, zip_code, id) 
    values
        (?, ?, ?, ?, ?, ?, ?, ?, ?, ?, ?, ?, ?, ?, ?, ?, ?, ?, ?, ?, ?, ?, ?, ?, ?, ?)
]]></system-out>
  </testcase>
  <testcase name="department_GetById" classname="com.hospital.ApiIntegrationTest" time="0.159">
    <system-out><![CDATA[2026-04-25 22:25:59 [main] DEBUG o.s.security.web.FilterChainProxy - Securing POST /api/v1/auth/register
2026-04-25 22:25:59 [main] DEBUG o.s.s.w.a.AnonymousAuthenticationFilter - Set SecurityContextHolder to anonymous SecurityContext
2026-04-25 22:25:59 [main] DEBUG o.s.security.web.FilterChainProxy - Secured POST /api/v1/auth/register
Hibernate: 
    select
        u1_0.id 
    from
        users u1_0 
    where
        u1_0.email=? 
    fetch
        first ? rows only
Hibernate: 
    select
        u1_0.id 
    from
        users u1_0 
    where
        u1_0.phone=? 
    fetch
        first ? rows only
2026-04-25 22:25:59 [main] INFO  com.hospital.auth.AuthService - New user registered: admin1777134359393@hospital.com with role: ADMIN
Hibernate: 
    insert 
    into
        users
        (created_at, created_by, deleted_at, email, enabled, failed_login_attempts, first_name, last_name, locked_until, password, phone, refresh_token, role, updated_at, updated_by, version, id) 
    values
        (?, ?, ?, ?, ?, ?, ?, ?, ?, ?, ?, ?, ?, ?, ?, ?, ?)
Hibernate: 
    update
        users 
    set
        deleted_at=?,
        email=?,
        enabled=?,
        failed_login_attempts=?,
        first_name=?,
        last_name=?,
        locked_until=?,
        password=?,
        phone=?,
        refresh_token=?,
        role=?,
        updated_at=?,
        updated_by=?,
        version=? 
    where
        id=? 
        and version=?
2026-04-25 22:25:59 [main] DEBUG o.s.security.web.FilterChainProxy - Securing POST /api/v1/auth/login
2026-04-25 22:25:59 [main] DEBUG o.s.s.w.a.AnonymousAuthenticationFilter - Set SecurityContextHolder to anonymous SecurityContext
2026-04-25 22:25:59 [main] DEBUG o.s.security.web.FilterChainProxy - Secured POST /api/v1/auth/login
Hibernate: 
    select
        u1_0.id,
        u1_0.created_at,
        u1_0.created_by,
        u1_0.deleted_at,
        u1_0.email,
        u1_0.enabled,
        u1_0.failed_login_attempts,
        u1_0.first_name,
        u1_0.last_name,
        u1_0.locked_until,
        u1_0.password,
        u1_0.phone,
        u1_0.refresh_token,
        u1_0.role,
        u1_0.updated_at,
        u1_0.updated_by,
        u1_0.version 
    from
        users u1_0 
    where
        u1_0.email=?
2026-04-25 22:25:59 [main] DEBUG o.s.s.a.d.DaoAuthenticationProvider - Authenticated user
Hibernate: 
    select
        u1_0.id,
        u1_0.created_at,
        u1_0.created_by,
        u1_0.deleted_at,
        u1_0.email,
        u1_0.enabled,
        u1_0.failed_login_attempts,
        u1_0.first_name,
        u1_0.last_name,
        u1_0.locked_until,
        u1_0.password,
        u1_0.phone,
        u1_0.refresh_token,
        u1_0.role,
        u1_0.updated_at,
        u1_0.updated_by,
        u1_0.version 
    from
        users u1_0 
    where
        u1_0.email=?
2026-04-25 22:25:59 [main] INFO  com.hospital.auth.AuthService - User logged in: admin1777134359393@hospital.com
2026-04-25 22:25:59 [main] DEBUG o.s.security.web.FilterChainProxy - Securing POST /api/v1/departments
Hibernate: 
    select
        u1_0.id,
        u1_0.created_at,
        u1_0.created_by,
        u1_0.deleted_at,
        u1_0.email,
        u1_0.enabled,
        u1_0.failed_login_attempts,
        u1_0.first_name,
        u1_0.last_name,
        u1_0.locked_until,
        u1_0.password,
        u1_0.phone,
        u1_0.refresh_token,
        u1_0.role,
        u1_0.updated_at,
        u1_0.updated_by,
        u1_0.version 
    from
        users u1_0 
    where
        u1_0.email=?
2026-04-25 22:25:59 [main] DEBUG o.s.security.web.FilterChainProxy - Secured POST /api/v1/departments
2026-04-25 22:25:59 [main] DEBUG o.s.s.a.m.AuthorizationManagerBeforeMethodInterceptor - Authorizing method invocation ReflectiveMethodInvocation: public org.springframework.http.ResponseEntity com.hospital.department.DepartmentController.createDepartment(com.hospital.department.DepartmentCreateRequest); target is of class [com.hospital.department.DepartmentController]
2026-04-25 22:25:59 [main] DEBUG o.s.s.a.m.AuthorizationManagerBeforeMethodInterceptor - Authorized method invocation ReflectiveMethodInvocation: public org.springframework.http.ResponseEntity com.hospital.department.DepartmentController.createDepartment(com.hospital.department.DepartmentCreateRequest); target is of class [com.hospital.department.DepartmentController]
Hibernate: 
    select
        d1_0.id 
    from
        departments d1_0 
    where
        d1_0.name=? 
    fetch
        first ? rows only
2026-04-25 22:25:59 [main] INFO  c.h.department.DepartmentService - New department created: Neurology1777134359538
Hibernate: 
    insert 
    into
        departments
        (is_active, building, consultation_rooms, created_at, created_by, deleted_at, description, floor_number, head_doctor_id, name, phone_extension, updated_at, updated_by, version, id) 
    values
        (?, ?, ?, ?, ?, ?, ?, ?, ?, ?, ?, ?, ?, ?, ?)
2026-04-25 22:25:59 [main] DEBUG o.s.security.web.FilterChainProxy - Securing GET /api/v1/departments/c3b9b6a9-86fa-4fb6-ad89-3154e6eda0b6
Hibernate: 
    select
        u1_0.id,
        u1_0.created_at,
        u1_0.created_by,
        u1_0.deleted_at,
        u1_0.email,
        u1_0.enabled,
        u1_0.failed_login_attempts,
        u1_0.first_name,
        u1_0.last_name,
        u1_0.locked_until,
        u1_0.password,
        u1_0.phone,
        u1_0.refresh_token,
        u1_0.role,
        u1_0.updated_at,
        u1_0.updated_by,
        u1_0.version 
    from
        users u1_0 
    where
        u1_0.email=?
2026-04-25 22:25:59 [main] DEBUG o.s.security.web.FilterChainProxy - Secured GET /api/v1/departments/c3b9b6a9-86fa-4fb6-ad89-3154e6eda0b6
2026-04-25 22:25:59 [main] DEBUG o.s.s.a.m.AuthorizationManagerBeforeMethodInterceptor - Authorizing method invocation ReflectiveMethodInvocation: public org.springframework.http.ResponseEntity com.hospital.department.DepartmentController.getDepartment(java.util.UUID); target is of class [com.hospital.department.DepartmentController]
2026-04-25 22:25:59 [main] DEBUG o.s.s.a.m.AuthorizationManagerBeforeMethodInterceptor - Authorized method invocation ReflectiveMethodInvocation: public org.springframework.http.ResponseEntity com.hospital.department.DepartmentController.getDepartment(java.util.UUID); target is of class [com.hospital.department.DepartmentController]
Hibernate: 
    select
        d1_0.id,
        d1_0.is_active,
        d1_0.building,
        d1_0.consultation_rooms,
        d1_0.created_at,
        d1_0.created_by,
        d1_0.deleted_at,
        d1_0.description,
        d1_0.floor_number,
        d1_0.head_doctor_id,
        d1_0.name,
        d1_0.phone_extension,
        d1_0.updated_at,
        d1_0.updated_by,
        d1_0.version 
    from
        departments d1_0 
    where
        d1_0.id=?
]]></system-out>
  </testcase>
  <testcase name="department_List" classname="com.hospital.ApiIntegrationTest" time="0.151">
    <system-out><![CDATA[2026-04-25 22:25:59 [main] DEBUG o.s.security.web.FilterChainProxy - Securing POST /api/v1/auth/register
2026-04-25 22:25:59 [main] DEBUG o.s.s.w.a.AnonymousAuthenticationFilter - Set SecurityContextHolder to anonymous SecurityContext
2026-04-25 22:25:59 [main] DEBUG o.s.security.web.FilterChainProxy - Secured POST /api/v1/auth/register
Hibernate: 
    select
        u1_0.id 
    from
        users u1_0 
    where
        u1_0.email=? 
    fetch
        first ? rows only
Hibernate: 
    select
        u1_0.id 
    from
        users u1_0 
    where
        u1_0.phone=? 
    fetch
        first ? rows only
2026-04-25 22:25:59 [main] INFO  com.hospital.auth.AuthService - New user registered: admin1777134359552@hospital.com with role: ADMIN
Hibernate: 
    insert 
    into
        users
        (created_at, created_by, deleted_at, email, enabled, failed_login_attempts, first_name, last_name, locked_until, password, phone, refresh_token, role, updated_at, updated_by, version, id) 
    values
        (?, ?, ?, ?, ?, ?, ?, ?, ?, ?, ?, ?, ?, ?, ?, ?, ?)
Hibernate: 
    update
        users 
    set
        deleted_at=?,
        email=?,
        enabled=?,
        failed_login_attempts=?,
        first_name=?,
        last_name=?,
        locked_until=?,
        password=?,
        phone=?,
        refresh_token=?,
        role=?,
        updated_at=?,
        updated_by=?,
        version=? 
    where
        id=? 
        and version=?
2026-04-25 22:25:59 [main] DEBUG o.s.security.web.FilterChainProxy - Securing POST /api/v1/auth/login
2026-04-25 22:25:59 [main] DEBUG o.s.s.w.a.AnonymousAuthenticationFilter - Set SecurityContextHolder to anonymous SecurityContext
2026-04-25 22:25:59 [main] DEBUG o.s.security.web.FilterChainProxy - Secured POST /api/v1/auth/login
Hibernate: 
    select
        u1_0.id,
        u1_0.created_at,
        u1_0.created_by,
        u1_0.deleted_at,
        u1_0.email,
        u1_0.enabled,
        u1_0.failed_login_attempts,
        u1_0.first_name,
        u1_0.last_name,
        u1_0.locked_until,
        u1_0.password,
        u1_0.phone,
        u1_0.refresh_token,
        u1_0.role,
        u1_0.updated_at,
        u1_0.updated_by,
        u1_0.version 
    from
        users u1_0 
    where
        u1_0.email=?
2026-04-25 22:25:59 [main] DEBUG o.s.s.a.d.DaoAuthenticationProvider - Authenticated user
Hibernate: 
    select
        u1_0.id,
        u1_0.created_at,
        u1_0.created_by,
        u1_0.deleted_at,
        u1_0.email,
        u1_0.enabled,
        u1_0.failed_login_attempts,
        u1_0.first_name,
        u1_0.last_name,
        u1_0.locked_until,
        u1_0.password,
        u1_0.phone,
        u1_0.refresh_token,
        u1_0.role,
        u1_0.updated_at,
        u1_0.updated_by,
        u1_0.version 
    from
        users u1_0 
    where
        u1_0.email=?
2026-04-25 22:25:59 [main] INFO  com.hospital.auth.AuthService - User logged in: admin1777134359552@hospital.com
2026-04-25 22:25:59 [main] DEBUG o.s.security.web.FilterChainProxy - Securing GET /api/v1/departments
Hibernate: 
    select
        u1_0.id,
        u1_0.created_at,
        u1_0.created_by,
        u1_0.deleted_at,
        u1_0.email,
        u1_0.enabled,
        u1_0.failed_login_attempts,
        u1_0.first_name,
        u1_0.last_name,
        u1_0.locked_until,
        u1_0.password,
        u1_0.phone,
        u1_0.refresh_token,
        u1_0.role,
        u1_0.updated_at,
        u1_0.updated_by,
        u1_0.version 
    from
        users u1_0 
    where
        u1_0.email=?
2026-04-25 22:25:59 [main] DEBUG o.s.security.web.FilterChainProxy - Secured GET /api/v1/departments
2026-04-25 22:25:59 [main] DEBUG o.s.s.a.m.AuthorizationManagerBeforeMethodInterceptor - Authorizing method invocation ReflectiveMethodInvocation: public org.springframework.http.ResponseEntity com.hospital.department.DepartmentController.getAllDepartments(org.springframework.data.domain.Pageable); target is of class [com.hospital.department.DepartmentController]
2026-04-25 22:25:59 [main] DEBUG o.s.s.a.m.AuthorizationManagerBeforeMethodInterceptor - Authorized method invocation ReflectiveMethodInvocation: public org.springframework.http.ResponseEntity com.hospital.department.DepartmentController.getAllDepartments(org.springframework.data.domain.Pageable); target is of class [com.hospital.department.DepartmentController]
Hibernate: 
    select
        d1_0.id,
        d1_0.is_active,
        d1_0.building,
        d1_0.consultation_rooms,
        d1_0.created_at,
        d1_0.created_by,
        d1_0.deleted_at,
        d1_0.description,
        d1_0.floor_number,
        d1_0.head_doctor_id,
        d1_0.name,
        d1_0.phone_extension,
        d1_0.updated_at,
        d1_0.updated_by,
        d1_0.version 
    from
        departments d1_0 
    where
        d1_0.is_active=? 
    offset
        ? rows 
    fetch
        first ? rows only
]]></system-out>
  </testcase>
  <testcase name="labOrder_List" classname="com.hospital.ApiIntegrationTest" time="0.148">
    <system-out><![CDATA[2026-04-25 22:25:59 [main] DEBUG o.s.security.web.FilterChainProxy - Securing POST /api/v1/auth/register
2026-04-25 22:25:59 [main] DEBUG o.s.s.w.a.AnonymousAuthenticationFilter - Set SecurityContextHolder to anonymous SecurityContext
2026-04-25 22:25:59 [main] DEBUG o.s.security.web.FilterChainProxy - Secured POST /api/v1/auth/register
Hibernate: 
    select
        u1_0.id 
    from
        users u1_0 
    where
        u1_0.email=? 
    fetch
        first ? rows only
Hibernate: 
    select
        u1_0.id 
    from
        users u1_0 
    where
        u1_0.phone=? 
    fetch
        first ? rows only
2026-04-25 22:25:59 [main] INFO  com.hospital.auth.AuthService - New user registered: admin1777134359703@hospital.com with role: ADMIN
Hibernate: 
    insert 
    into
        users
        (created_at, created_by, deleted_at, email, enabled, failed_login_attempts, first_name, last_name, locked_until, password, phone, refresh_token, role, updated_at, updated_by, version, id) 
    values
        (?, ?, ?, ?, ?, ?, ?, ?, ?, ?, ?, ?, ?, ?, ?, ?, ?)
Hibernate: 
    update
        users 
    set
        deleted_at=?,
        email=?,
        enabled=?,
        failed_login_attempts=?,
        first_name=?,
        last_name=?,
        locked_until=?,
        password=?,
        phone=?,
        refresh_token=?,
        role=?,
        updated_at=?,
        updated_by=?,
        version=? 
    where
        id=? 
        and version=?
2026-04-25 22:25:59 [main] DEBUG o.s.security.web.FilterChainProxy - Securing POST /api/v1/auth/login
2026-04-25 22:25:59 [main] DEBUG o.s.s.w.a.AnonymousAuthenticationFilter - Set SecurityContextHolder to anonymous SecurityContext
2026-04-25 22:25:59 [main] DEBUG o.s.security.web.FilterChainProxy - Secured POST /api/v1/auth/login
Hibernate: 
    select
        u1_0.id,
        u1_0.created_at,
        u1_0.created_by,
        u1_0.deleted_at,
        u1_0.email,
        u1_0.enabled,
        u1_0.failed_login_attempts,
        u1_0.first_name,
        u1_0.last_name,
        u1_0.locked_until,
        u1_0.password,
        u1_0.phone,
        u1_0.refresh_token,
        u1_0.role,
        u1_0.updated_at,
        u1_0.updated_by,
        u1_0.version 
    from
        users u1_0 
    where
        u1_0.email=?
2026-04-25 22:25:59 [main] DEBUG o.s.s.a.d.DaoAuthenticationProvider - Authenticated user
Hibernate: 
    select
        u1_0.id,
        u1_0.created_at,
        u1_0.created_by,
        u1_0.deleted_at,
        u1_0.email,
        u1_0.enabled,
        u1_0.failed_login_attempts,
        u1_0.first_name,
        u1_0.last_name,
        u1_0.locked_until,
        u1_0.password,
        u1_0.phone,
        u1_0.refresh_token,
        u1_0.role,
        u1_0.updated_at,
        u1_0.updated_by,
        u1_0.version 
    from
        users u1_0 
    where
        u1_0.email=?
2026-04-25 22:25:59 [main] INFO  com.hospital.auth.AuthService - User logged in: admin1777134359703@hospital.com
2026-04-25 22:25:59 [main] DEBUG o.s.security.web.FilterChainProxy - Securing GET /api/v1/lab-orders
Hibernate: 
    select
        u1_0.id,
        u1_0.created_at,
        u1_0.created_by,
        u1_0.deleted_at,
        u1_0.email,
        u1_0.enabled,
        u1_0.failed_login_attempts,
        u1_0.first_name,
        u1_0.last_name,
        u1_0.locked_until,
        u1_0.password,
        u1_0.phone,
        u1_0.refresh_token,
        u1_0.role,
        u1_0.updated_at,
        u1_0.updated_by,
        u1_0.version 
    from
        users u1_0 
    where
        u1_0.email=?
2026-04-25 22:25:59 [main] DEBUG o.s.security.web.FilterChainProxy - Secured GET /api/v1/lab-orders
2026-04-25 22:25:59 [main] DEBUG o.s.s.a.m.AuthorizationManagerBeforeMethodInterceptor - Authorizing method invocation ReflectiveMethodInvocation: public org.springframework.http.ResponseEntity com.hospital.lab.LabOrderController.getAllLabOrders(org.springframework.data.domain.Pageable); target is of class [com.hospital.lab.LabOrderController]
2026-04-25 22:25:59 [main] DEBUG o.s.s.a.m.AuthorizationManagerBeforeMethodInterceptor - Authorized method invocation ReflectiveMethodInvocation: public org.springframework.http.ResponseEntity com.hospital.lab.LabOrderController.getAllLabOrders(org.springframework.data.domain.Pageable); target is of class [com.hospital.lab.LabOrderController]
Hibernate: 
    select
        lo1_0.id,
        lo1_0.completed_date,
        lo1_0.created_at,
        lo1_0.created_by,
        lo1_0.deleted_at,
        lo1_0.description,
        lo1_0.doctor_id,
        lo1_0.notes,
        lo1_0.order_date,
        lo1_0.patient_id,
        lo1_0.results,
        lo1_0.status,
        lo1_0.test_code,
        lo1_0.test_name,
        lo1_0.updated_at,
        lo1_0.updated_by,
        lo1_0.version 
    from
        lab_orders lo1_0 
    where
        lo1_0.deleted_at is null 
    offset
        ? rows 
    fetch
        first ? rows only
]]></system-out>
  </testcase>
  <testcase name="doctor_List" classname="com.hospital.ApiIntegrationTest" time="0.149">
    <system-out><![CDATA[2026-04-25 22:25:59 [main] DEBUG o.s.security.web.FilterChainProxy - Securing POST /api/v1/auth/register
2026-04-25 22:25:59 [main] DEBUG o.s.s.w.a.AnonymousAuthenticationFilter - Set SecurityContextHolder to anonymous SecurityContext
2026-04-25 22:25:59 [main] DEBUG o.s.security.web.FilterChainProxy - Secured POST /api/v1/auth/register
Hibernate: 
    select
        u1_0.id 
    from
        users u1_0 
    where
        u1_0.email=? 
    fetch
        first ? rows only
Hibernate: 
    select
        u1_0.id 
    from
        users u1_0 
    where
        u1_0.phone=? 
    fetch
        first ? rows only
2026-04-25 22:25:59 [main] INFO  com.hospital.auth.AuthService - New user registered: admin1777134359851@hospital.com with role: ADMIN
Hibernate: 
    insert 
    into
        users
        (created_at, created_by, deleted_at, email, enabled, failed_login_attempts, first_name, last_name, locked_until, password, phone, refresh_token, role, updated_at, updated_by, version, id) 
    values
        (?, ?, ?, ?, ?, ?, ?, ?, ?, ?, ?, ?, ?, ?, ?, ?, ?)
Hibernate: 
    update
        users 
    set
        deleted_at=?,
        email=?,
        enabled=?,
        failed_login_attempts=?,
        first_name=?,
        last_name=?,
        locked_until=?,
        password=?,
        phone=?,
        refresh_token=?,
        role=?,
        updated_at=?,
        updated_by=?,
        version=? 
    where
        id=? 
        and version=?
2026-04-25 22:25:59 [main] DEBUG o.s.security.web.FilterChainProxy - Securing POST /api/v1/auth/login
2026-04-25 22:25:59 [main] DEBUG o.s.s.w.a.AnonymousAuthenticationFilter - Set SecurityContextHolder to anonymous SecurityContext
2026-04-25 22:25:59 [main] DEBUG o.s.security.web.FilterChainProxy - Secured POST /api/v1/auth/login
Hibernate: 
    select
        u1_0.id,
        u1_0.created_at,
        u1_0.created_by,
        u1_0.deleted_at,
        u1_0.email,
        u1_0.enabled,
        u1_0.failed_login_attempts,
        u1_0.first_name,
        u1_0.last_name,
        u1_0.locked_until,
        u1_0.password,
        u1_0.phone,
        u1_0.refresh_token,
        u1_0.role,
        u1_0.updated_at,
        u1_0.updated_by,
        u1_0.version 
    from
        users u1_0 
    where
        u1_0.email=?
2026-04-25 22:25:59 [main] DEBUG o.s.s.a.d.DaoAuthenticationProvider - Authenticated user
Hibernate: 
    select
        u1_0.id,
        u1_0.created_at,
        u1_0.created_by,
        u1_0.deleted_at,
        u1_0.email,
        u1_0.enabled,
        u1_0.failed_login_attempts,
        u1_0.first_name,
        u1_0.last_name,
        u1_0.locked_until,
        u1_0.password,
        u1_0.phone,
        u1_0.refresh_token,
        u1_0.role,
        u1_0.updated_at,
        u1_0.updated_by,
        u1_0.version 
    from
        users u1_0 
    where
        u1_0.email=?
2026-04-25 22:25:59 [main] INFO  com.hospital.auth.AuthService - User logged in: admin1777134359851@hospital.com
2026-04-25 22:25:59 [main] DEBUG o.s.security.web.FilterChainProxy - Securing GET /api/v1/doctors
Hibernate: 
    select
        u1_0.id,
        u1_0.created_at,
        u1_0.created_by,
        u1_0.deleted_at,
        u1_0.email,
        u1_0.enabled,
        u1_0.failed_login_attempts,
        u1_0.first_name,
        u1_0.last_name,
        u1_0.locked_until,
        u1_0.password,
        u1_0.phone,
        u1_0.refresh_token,
        u1_0.role,
        u1_0.updated_at,
        u1_0.updated_by,
        u1_0.version 
    from
        users u1_0 
    where
        u1_0.email=?
2026-04-25 22:25:59 [main] DEBUG o.s.security.web.FilterChainProxy - Secured GET /api/v1/doctors
2026-04-25 22:25:59 [main] DEBUG o.s.s.a.m.AuthorizationManagerBeforeMethodInterceptor - Authorizing method invocation ReflectiveMethodInvocation: public org.springframework.http.ResponseEntity com.hospital.doctor.DoctorController.getAllDoctors(org.springframework.data.domain.Pageable); target is of class [com.hospital.doctor.DoctorController]
2026-04-25 22:25:59 [main] DEBUG o.s.s.a.m.AuthorizationManagerBeforeMethodInterceptor - Authorized method invocation ReflectiveMethodInvocation: public org.springframework.http.ResponseEntity com.hospital.doctor.DoctorController.getAllDoctors(org.springframework.data.domain.Pageable); target is of class [com.hospital.doctor.DoctorController]
Hibernate: 
    select
        d1_0.id,
        d1_0.biography,
        d1_0.consultation_fee,
        d1_0.created_at,
        d1_0.created_by,
        d1_0.deleted_at,
        d1_0.department_id,
        d1_0.follow_up_fee,
        d1_0.license_expiry_date,
        d1_0.license_number,
        d1_0.max_patients_per_day,
        d1_0.qualification,
        d1_0.slot_duration_minutes,
        d1_0.specialization,
        d1_0.updated_at,
        d1_0.updated_by,
        d1_0.user_id,
        d1_0.version,
        d1_0.years_of_experience 
    from
        doctors d1_0 
    where
        d1_0.deleted_at is null 
    offset
        ? rows 
    fetch
        first ? rows only
]]></system-out>
  </testcase>
  <testcase name="doctor_Create" classname="com.hospital.ApiIntegrationTest" time="0.238">
    <system-out><![CDATA[2026-04-25 22:26:00 [main] DEBUG o.s.security.web.FilterChainProxy - Securing POST /api/v1/auth/register
2026-04-25 22:26:00 [main] DEBUG o.s.s.w.a.AnonymousAuthenticationFilter - Set SecurityContextHolder to anonymous SecurityContext
2026-04-25 22:26:00 [main] DEBUG o.s.security.web.FilterChainProxy - Secured POST /api/v1/auth/register
Hibernate: 
    select
        u1_0.id 
    from
        users u1_0 
    where
        u1_0.email=? 
    fetch
        first ? rows only
Hibernate: 
    select
        u1_0.id 
    from
        users u1_0 
    where
        u1_0.phone=? 
    fetch
        first ? rows only
2026-04-25 22:26:00 [main] INFO  com.hospital.auth.AuthService - New user registered: admin1777134360000@hospital.com with role: ADMIN
Hibernate: 
    insert 
    into
        users
        (created_at, created_by, deleted_at, email, enabled, failed_login_attempts, first_name, last_name, locked_until, password, phone, refresh_token, role, updated_at, updated_by, version, id) 
    values
        (?, ?, ?, ?, ?, ?, ?, ?, ?, ?, ?, ?, ?, ?, ?, ?, ?)
Hibernate: 
    update
        users 
    set
        deleted_at=?,
        email=?,
        enabled=?,
        failed_login_attempts=?,
        first_name=?,
        last_name=?,
        locked_until=?,
        password=?,
        phone=?,
        refresh_token=?,
        role=?,
        updated_at=?,
        updated_by=?,
        version=? 
    where
        id=? 
        and version=?
2026-04-25 22:26:00 [main] DEBUG o.s.security.web.FilterChainProxy - Securing POST /api/v1/auth/login
2026-04-25 22:26:00 [main] DEBUG o.s.s.w.a.AnonymousAuthenticationFilter - Set SecurityContextHolder to anonymous SecurityContext
2026-04-25 22:26:00 [main] DEBUG o.s.security.web.FilterChainProxy - Secured POST /api/v1/auth/login
Hibernate: 
    select
        u1_0.id,
        u1_0.created_at,
        u1_0.created_by,
        u1_0.deleted_at,
        u1_0.email,
        u1_0.enabled,
        u1_0.failed_login_attempts,
        u1_0.first_name,
        u1_0.last_name,
        u1_0.locked_until,
        u1_0.password,
        u1_0.phone,
        u1_0.refresh_token,
        u1_0.role,
        u1_0.updated_at,
        u1_0.updated_by,
        u1_0.version 
    from
        users u1_0 
    where
        u1_0.email=?
2026-04-25 22:26:00 [main] DEBUG o.s.s.a.d.DaoAuthenticationProvider - Authenticated user
Hibernate: 
    select
        u1_0.id,
        u1_0.created_at,
        u1_0.created_by,
        u1_0.deleted_at,
        u1_0.email,
        u1_0.enabled,
        u1_0.failed_login_attempts,
        u1_0.first_name,
        u1_0.last_name,
        u1_0.locked_until,
        u1_0.password,
        u1_0.phone,
        u1_0.refresh_token,
        u1_0.role,
        u1_0.updated_at,
        u1_0.updated_by,
        u1_0.version 
    from
        users u1_0 
    where
        u1_0.email=?
2026-04-25 22:26:00 [main] INFO  com.hospital.auth.AuthService - User logged in: admin1777134360000@hospital.com
2026-04-25 22:26:00 [main] DEBUG o.s.security.web.FilterChainProxy - Securing POST /api/v1/departments
Hibernate: 
    select
        u1_0.id,
        u1_0.created_at,
        u1_0.created_by,
        u1_0.deleted_at,
        u1_0.email,
        u1_0.enabled,
        u1_0.failed_login_attempts,
        u1_0.first_name,
        u1_0.last_name,
        u1_0.locked_until,
        u1_0.password,
        u1_0.phone,
        u1_0.refresh_token,
        u1_0.role,
        u1_0.updated_at,
        u1_0.updated_by,
        u1_0.version 
    from
        users u1_0 
    where
        u1_0.email=?
2026-04-25 22:26:00 [main] DEBUG o.s.security.web.FilterChainProxy - Secured POST /api/v1/departments
2026-04-25 22:26:00 [main] DEBUG o.s.s.a.m.AuthorizationManagerBeforeMethodInterceptor - Authorizing method invocation ReflectiveMethodInvocation: public org.springframework.http.ResponseEntity com.hospital.department.DepartmentController.createDepartment(com.hospital.department.DepartmentCreateRequest); target is of class [com.hospital.department.DepartmentController]
2026-04-25 22:26:00 [main] DEBUG o.s.s.a.m.AuthorizationManagerBeforeMethodInterceptor - Authorized method invocation ReflectiveMethodInvocation: public org.springframework.http.ResponseEntity com.hospital.department.DepartmentController.createDepartment(com.hospital.department.DepartmentCreateRequest); target is of class [com.hospital.department.DepartmentController]
Hibernate: 
    select
        d1_0.id 
    from
        departments d1_0 
    where
        d1_0.name=? 
    fetch
        first ? rows only
2026-04-25 22:26:00 [main] INFO  c.h.department.DepartmentService - New department created: Surgery1777134360146
Hibernate: 
    insert 
    into
        departments
        (is_active, building, consultation_rooms, created_at, created_by, deleted_at, description, floor_number, head_doctor_id, name, phone_extension, updated_at, updated_by, version, id) 
    values
        (?, ?, ?, ?, ?, ?, ?, ?, ?, ?, ?, ?, ?, ?, ?)
2026-04-25 22:26:00 [main] DEBUG o.s.security.web.FilterChainProxy - Securing POST /api/v1/doctors
Hibernate: 
    select
        u1_0.id,
        u1_0.created_at,
        u1_0.created_by,
        u1_0.deleted_at,
        u1_0.email,
        u1_0.enabled,
        u1_0.failed_login_attempts,
        u1_0.first_name,
        u1_0.last_name,
        u1_0.locked_until,
        u1_0.password,
        u1_0.phone,
        u1_0.refresh_token,
        u1_0.role,
        u1_0.updated_at,
        u1_0.updated_by,
        u1_0.version 
    from
        users u1_0 
    where
        u1_0.email=?
2026-04-25 22:26:00 [main] DEBUG o.s.security.web.FilterChainProxy - Secured POST /api/v1/doctors
2026-04-25 22:26:00 [main] DEBUG o.s.s.a.m.AuthorizationManagerBeforeMethodInterceptor - Authorizing method invocation ReflectiveMethodInvocation: public org.springframework.http.ResponseEntity com.hospital.doctor.DoctorController.createDoctor(com.hospital.doctor.DoctorCreateRequest); target is of class [com.hospital.doctor.DoctorController]
2026-04-25 22:26:00 [main] DEBUG o.s.s.a.m.AuthorizationManagerBeforeMethodInterceptor - Authorized method invocation ReflectiveMethodInvocation: public org.springframework.http.ResponseEntity com.hospital.doctor.DoctorController.createDoctor(com.hospital.doctor.DoctorCreateRequest); target is of class [com.hospital.doctor.DoctorController]
Hibernate: 
    select
        u1_0.id 
    from
        users u1_0 
    where
        u1_0.email=? 
    fetch
        first ? rows only
Hibernate: 
    select
        u1_0.id 
    from
        users u1_0 
    where
        u1_0.phone=? 
    fetch
        first ? rows only
Hibernate: 
    select
        d1_0.id,
        d1_0.biography,
        d1_0.consultation_fee,
        d1_0.created_at,
        d1_0.created_by,
        d1_0.deleted_at,
        d1_0.department_id,
        d1_0.follow_up_fee,
        d1_0.license_expiry_date,
        d1_0.license_number,
        d1_0.max_patients_per_day,
        d1_0.qualification,
        d1_0.slot_duration_minutes,
        d1_0.specialization,
        d1_0.updated_at,
        d1_0.updated_by,
        d1_0.user_id,
        d1_0.version,
        d1_0.years_of_experience 
    from
        doctors d1_0 
    where
        d1_0.license_number=?
Hibernate: 
    select
        d1_0.id,
        d1_0.is_active,
        d1_0.building,
        d1_0.consultation_rooms,
        d1_0.created_at,
        d1_0.created_by,
        d1_0.deleted_at,
        d1_0.description,
        d1_0.floor_number,
        d1_0.head_doctor_id,
        d1_0.name,
        d1_0.phone_extension,
        d1_0.updated_at,
        d1_0.updated_by,
        d1_0.version 
    from
        departments d1_0 
    where
        d1_0.id=?
2026-04-25 22:26:00 [main] INFO  com.hospital.doctor.DoctorService - New doctor created with license: DOC1777134360151
Hibernate: 
    insert 
    into
        users
        (created_at, created_by, deleted_at, email, enabled, failed_login_attempts, first_name, last_name, locked_until, password, phone, refresh_token, role, updated_at, updated_by, version, id) 
    values
        (?, ?, ?, ?, ?, ?, ?, ?, ?, ?, ?, ?, ?, ?, ?, ?, ?)
Hibernate: 
    insert 
    into
        doctors
        (biography, consultation_fee, created_at, created_by, deleted_at, department_id, follow_up_fee, license_expiry_date, license_number, max_patients_per_day, qualification, slot_duration_minutes, specialization, updated_at, updated_by, user_id, version, years_of_experience, id) 
    values
        (?, ?, ?, ?, ?, ?, ?, ?, ?, ?, ?, ?, ?, ?, ?, ?, ?, ?, ?)
]]></system-out>
  </testcase>
  <testcase name="auth_Register" classname="com.hospital.ApiIntegrationTest" time="0.074">
    <system-out><![CDATA[2026-04-25 22:26:00 [main] DEBUG o.s.security.web.FilterChainProxy - Securing POST /api/v1/auth/register
2026-04-25 22:26:00 [main] DEBUG o.s.s.w.a.AnonymousAuthenticationFilter - Set SecurityContextHolder to anonymous SecurityContext
2026-04-25 22:26:00 [main] DEBUG o.s.security.web.FilterChainProxy - Secured POST /api/v1/auth/register
Hibernate: 
    select
        u1_0.id 
    from
        users u1_0 
    where
        u1_0.email=? 
    fetch
        first ? rows only
Hibernate: 
    select
        u1_0.id 
    from
        users u1_0 
    where
        u1_0.phone=? 
    fetch
        first ? rows only
2026-04-25 22:26:00 [main] INFO  com.hospital.auth.AuthService - New user registered: test1777134360238@hospital.com with role: ADMIN
Hibernate: 
    insert 
    into
        users
        (created_at, created_by, deleted_at, email, enabled, failed_login_attempts, first_name, last_name, locked_until, password, phone, refresh_token, role, updated_at, updated_by, version, id) 
    values
        (?, ?, ?, ?, ?, ?, ?, ?, ?, ?, ?, ?, ?, ?, ?, ?, ?)
Hibernate: 
    update
        users 
    set
        deleted_at=?,
        email=?,
        enabled=?,
        failed_login_attempts=?,
        first_name=?,
        last_name=?,
        locked_until=?,
        password=?,
        phone=?,
        refresh_token=?,
        role=?,
        updated_at=?,
        updated_by=?,
        version=? 
    where
        id=? 
        and version=?
]]></system-out>
  </testcase>
</testsuite>